# JRE version: OpenJDK Runtime Environment (17.0.6) (build 17.0.6+0-b2043.56-10027231)
# Java VM: OpenJDK 64-Bit Server VM (17.0.6+0-b2043.56-10027231, mixed mode, tiered, compressed oops, compressed class ptrs, g1 gc, windows-amd64)
GC Precious Log:
 CPUs: 8 total, 8 available
 Memory: 7103M
 Large Page Support: Disabled
 NUMA Support: Disabled
 Compressed Oops: Enabled (32-bit)
 Heap Region Size: 1M
 Heap Min Capacity: 8M
 Heap Initial Capacity: 112M
 Heap Max Capacity: 2G
 Pre-touch: Disabled
 Parallel Workers: 8
 Concurrent Workers: 2
 Concurrent Refinement Workers: 8
 Periodic GC: Disabled
Heap:
 garbage-first heap   total 114688K, used 79356K [0x0000000080000000, 0x0000000100000000)
  region size 1024K, 4 young (4096K), 4 survivors (4096K)
 Metaspace       used 63273K, committed 63872K, reserved 1105920K
  class space    used 8516K, committed 8768K, reserved 1048576K
GC Heap History (20 events):
Event: 8.206 GC heap after
{Heap after GC invocations=28 (full 0):
 garbage-first heap   total 103424K, used 55491K [0x0000000080000000, 0x0000000100000000)
  region size 1024K, 2 young (2048K), 2 survivors (2048K)
 Metaspace       used 51729K, committed 52160K, reserved 1097728K
  class space    used 6902K, committed 7104K, reserved 1048576K
}
Event: 8.434 GC heap before
{Heap before GC invocations=28 (full 0):
 garbage-first heap   total 103424K, used 78019K [0x0000000080000000, 0x0000000100000000)
  region size 1024K, 24 young (24576K), 2 survivors (2048K)
 Metaspace       used 52083K, committed 52544K, reserved 1097728K
  class space    used 6934K, committed 7168K, reserved 1048576K
}
Event: 8.437 GC heap after
{Heap after GC invocations=29 (full 0):
 garbage-first heap   total 103424K, used 55455K [0x0000000080000000, 0x0000000100000000)
  region size 1024K, 2 young (2048K), 2 survivors (2048K)
 Metaspace       used 52083K, committed 52544K, reserved 1097728K
  class space    used 6934K, committed 7168K, reserved 1048576K
}
Event: 9.050 GC heap before
{Heap before GC invocations=30 (full 0):
 garbage-first heap   total 103424K, used 80031K [0x0000000080000000, 0x0000000100000000)
  region size 1024K, 26 young (26624K), 2 survivors (2048K)
 Metaspace       used 54650K, committed 55232K, reserved 1097728K
  class space    used 7178K, committed 7424K, reserved 1048576K
}
Event: 9.054 GC heap after
{Heap after GC invocations=31 (full 0):
 garbage-first heap   total 103424K, used 57891K [0x0000000080000000, 0x0000000100000000)
  region size 1024K, 4 young (4096K), 4 survivors (4096K)
 Metaspace       used 54650K, committed 55232K, reserved 1097728K
  class space    used 7178K, committed 7424K, reserved 1048576K
}
Event: 9.087 GC heap before
{Heap before GC invocations=31 (full 0):
 garbage-first heap   total 103424K, used 58915K [0x0000000080000000, 0x0000000100000000)
  region size 1024K, 5 young (5120K), 4 survivors (4096K)
 Metaspace       used 54783K, committed 55296K, reserved 1097728K
  class space    used 7201K, committed 7424K, reserved 1048576K
}
Event: 9.090 GC heap after
{Heap after GC invocations=32 (full 0):
 garbage-first heap   total 103424K, used 58569K [0x0000000080000000, 0x0000000100000000)
  region size 1024K, 1 young (1024K), 1 survivors (1024K)
 Metaspace       used 54783K, committed 55296K, reserved 1097728K
  class space    used 7201K, committed 7424K, reserved 1048576K
}
Event: 9.402 GC heap before
{Heap before GC invocations=32 (full 0):
 garbage-first heap   total 103424K, used 81097K [0x0000000080000000, 0x0000000100000000)
  region size 1024K, 24 young (24576K), 1 survivors (1024K)
 Metaspace       used 55726K, committed 56320K, reserved 1105920K
  class space    used 7367K, committed 7616K, reserved 1048576K
}
Event: 9.404 GC heap after
{Heap after GC invocations=33 (full 0):
 garbage-first heap   total 103424K, used 59079K [0x0000000080000000, 0x0000000100000000)
  region size 1024K, 1 young (1024K), 1 survivors (1024K)
 Metaspace       used 55726K, committed 56320K, reserved 1105920K
  class space    used 7367K, committed 7616K, reserved 1048576K
}
Event: 9.883 GC heap before
{Heap before GC invocations=34 (full 0):
 garbage-first heap   total 103424K, used 82631K [0x0000000080000000, 0x0000000100000000)
  region size 1024K, 25 young (25600K), 1 survivors (1024K)
 Metaspace       used 58200K, committed 58752K, reserved 1105920K
  class space    used 7812K, committed 8064K, reserved 1048576K
}
Event: 9.886 GC heap after
{Heap after GC invocations=35 (full 0):
 garbage-first heap   total 103424K, used 60766K [0x0000000080000000, 0x0000000100000000)
  region size 1024K, 3 young (3072K), 3 survivors (3072K)
 Metaspace       used 58200K, committed 58752K, reserved 1105920K
  class space    used 7812K, committed 8064K, reserved 1048576K
}
Event: 9.924 GC heap before
{Heap before GC invocations=35 (full 0):
 garbage-first heap   total 103424K, used 62814K [0x0000000080000000, 0x0000000100000000)
  region size 1024K, 5 young (5120K), 3 survivors (3072K)
 Metaspace       used 58507K, committed 59072K, reserved 1105920K
  class space    used 7868K, committed 8128K, reserved 1048576K
}
Event: 9.928 GC heap after
{Heap after GC invocations=36 (full 0):
 garbage-first heap   total 103424K, used 60579K [0x0000000080000000, 0x0000000100000000)
  region size 1024K, 1 young (1024K), 1 survivors (1024K)
 Metaspace       used 58507K, committed 59072K, reserved 1105920K
  class space    used 7868K, committed 8128K, reserved 1048576K
}
Event: 10.514 GC heap before
{Heap before GC invocations=36 (full 0):
 garbage-first heap   total 103424K, used 83107K [0x0000000080000000, 0x0000000100000000)
  region size 1024K, 24 young (24576K), 1 survivors (1024K)
 Metaspace       used 60988K, committed 61568K, reserved 1105920K
  class space    used 8235K, committed 8512K, reserved 1048576K
}
Event: 10.518 GC heap after
{Heap after GC invocations=37 (full 0):
 garbage-first heap   total 103424K, used 62114K [0x0000000080000000, 0x0000000100000000)
  region size 1024K, 2 young (2048K), 2 survivors (2048K)
 Metaspace       used 60988K, committed 61568K, reserved 1105920K
  class space    used 8235K, committed 8512K, reserved 1048576K
}
Event: 10.912 GC heap before
{Heap before GC invocations=38 (full 0):
 garbage-first heap   total 107520K, used 84642K [0x0000000080000000, 0x0000000100000000)
  region size 1024K, 24 young (24576K), 2 survivors (2048K)
 Metaspace       used 61591K, committed 62208K, reserved 1105920K
  class space    used 8298K, committed 8576K, reserved 1048576K
}
Event: 10.915 GC heap after
{Heap after GC invocations=39 (full 0):
 garbage-first heap   total 107520K, used 63612K [0x0000000080000000, 0x0000000100000000)
  region size 1024K, 2 young (2048K), 2 survivors (2048K)
 Metaspace       used 61591K, committed 62208K, reserved 1105920K
  class space    used 8298K, committed 8576K, reserved 1048576K
}
Event: 10.965 GC heap before
{Heap before GC invocations=39 (full 0):
 garbage-first heap   total 107520K, used 65660K [0x0000000080000000, 0x0000000100000000)
  region size 1024K, 5 young (5120K), 2 survivors (2048K)
 Metaspace       used 61632K, committed 62272K, reserved 1105920K
  class space    used 8298K, committed 8576K, reserved 1048576K
}
Event: 10.967 GC heap after
{Heap after GC invocations=40 (full 0):
 garbage-first heap   total 107520K, used 63420K [0x0000000080000000, 0x0000000100000000)
  region size 1024K, 1 young (1024K), 1 survivors (1024K)
 Metaspace       used 61632K, committed 62272K, reserved 1105920K
  class space    used 8298K, committed 8576K, reserved 1048576K
}
Event: 11.362 GC heap before
{Heap before GC invocations=40 (full 0):
 garbage-first heap   total 107520K, used 97212K [0x0000000080000000, 0x0000000100000000)
  region size 1024K, 25 young (25600K), 1 survivors (1024K)
 Metaspace       used 63273K, committed 63872K, reserved 1105920K
  class space    used 8516K, committed 8768K, reserved 1048576K
}

