# JRE version: OpenJDK Runtime Environment (17.0.6) (build 17.0.6+0-b2043.56-10027231)
# Java VM: OpenJDK 64-Bit Server VM (17.0.6+0-b2043.56-10027231, mixed mode, tiered, compressed oops, compressed class ptrs, g1 gc, windows-amd64)
GC Precious Log:
 CPUs: 8 total, 8 available
 Memory: 7103M
 Large Page Support: Disabled
 NUMA Support: Disabled
 Compressed Oops: Enabled (32-bit)
 Heap Region Size: 1M
 Heap Min Capacity: 8M
 Heap Initial Capacity: 112M
 Heap Max Capacity: 2G
 Pre-touch: Disabled
 Parallel Workers: 8
 Concurrent Workers: 2
 Concurrent Refinement Workers: 8
 Periodic GC: Disabled
Heap:
 garbage-first heap   total 134144K, used 89773K [0x0000000080000000, 0x0000000100000000)
  region size 1024K, 4 young (4096K), 4 survivors (4096K)
 Metaspace       used 94459K, committed 95104K, reserved 1138688K
  class space    used 12909K, committed 13248K, reserved 1048576K
GC Heap History (20 events):
Event: 13.977 GC heap after
{Heap after GC invocations=32 (full 0):
 garbage-first heap   total 96256K, used 61936K [0x0000000080000000, 0x0000000100000000)
  region size 1024K, 3 young (3072K), 3 survivors (3072K)
 Metaspace       used 68606K, committed 69184K, reserved 1114112K
  class space    used 9092K, committed 9344K, reserved 1048576K
}
Event: 14.472 GC heap before
{Heap before GC invocations=33 (full 0):
 garbage-first heap   total 111616K, used 79344K [0x0000000080000000, 0x0000000100000000)
  region size 1024K, 20 young (20480K), 3 survivors (3072K)
 Metaspace       used 70139K, committed 70720K, reserved 1114112K
  class space    used 9324K, committed 9600K, reserved 1048576K
}
Event: 14.478 GC heap after
{Heap after GC invocations=34 (full 0):
 garbage-first heap   total 134144K, used 63206K [0x0000000080000000, 0x0000000100000000)
  region size 1024K, 2 young (2048K), 2 survivors (2048K)
 Metaspace       used 70139K, committed 70720K, reserved 1114112K
  class space    used 9324K, committed 9600K, reserved 1048576K
}
Event: 14.657 GC heap before
{Heap before GC invocations=34 (full 0):
 garbage-first heap   total 134144K, used 66278K [0x0000000080000000, 0x0000000100000000)
  region size 1024K, 6 young (6144K), 2 survivors (2048K)
 Metaspace       used 70601K, committed 71168K, reserved 1114112K
  class space    used 9363K, committed 9664K, reserved 1048576K
}
Event: 14.661 GC heap after
{Heap after GC invocations=35 (full 0):
 garbage-first heap   total 134144K, used 63332K [0x0000000080000000, 0x0000000100000000)
  region size 1024K, 1 young (1024K), 1 survivors (1024K)
 Metaspace       used 70601K, committed 71168K, reserved 1114112K
  class space    used 9363K, committed 9664K, reserved 1048576K
}
Event: 16.086 GC heap before
{Heap before GC invocations=35 (full 0):
 garbage-first heap   total 134144K, used 106340K [0x0000000080000000, 0x0000000100000000)
  region size 1024K, 43 young (44032K), 1 survivors (1024K)
 Metaspace       used 75395K, committed 76032K, reserved 1122304K
  class space    used 10002K, committed 10304K, reserved 1048576K
}
Event: 16.092 GC heap after
{Heap after GC invocations=36 (full 0):
 garbage-first heap   total 134144K, used 66457K [0x0000000080000000, 0x0000000100000000)
  region size 1024K, 4 young (4096K), 4 survivors (4096K)
 Metaspace       used 75395K, committed 76032K, reserved 1122304K
  class space    used 10002K, committed 10304K, reserved 1048576K
}
Event: 17.087 GC heap before
{Heap before GC invocations=36 (full 0):
 garbage-first heap   total 134144K, used 107417K [0x0000000080000000, 0x0000000100000000)
  region size 1024K, 44 young (45056K), 4 survivors (4096K)
 Metaspace       used 78277K, committed 78912K, reserved 1122304K
  class space    used 10406K, committed 10688K, reserved 1048576K
}
Event: 17.093 GC heap after
{Heap after GC invocations=37 (full 0):
 garbage-first heap   total 134144K, used 68425K [0x0000000080000000, 0x0000000100000000)
  region size 1024K, 2 young (2048K), 2 survivors (2048K)
 Metaspace       used 78277K, committed 78912K, reserved 1122304K
  class space    used 10406K, committed 10688K, reserved 1048576K
}
Event: 18.235 GC heap before
{Heap before GC invocations=37 (full 0):
 garbage-first heap   total 134144K, used 109385K [0x0000000080000000, 0x0000000100000000)
  region size 1024K, 42 young (43008K), 2 survivors (2048K)
 Metaspace       used 82990K, committed 83584K, reserved 1122304K
  class space    used 11256K, committed 11584K, reserved 1048576K
}
Event: 18.241 GC heap after
{Heap after GC invocations=38 (full 0):
 garbage-first heap   total 134144K, used 70812K [0x0000000080000000, 0x0000000100000000)
  region size 1024K, 5 young (5120K), 5 survivors (5120K)
 Metaspace       used 82990K, committed 83584K, reserved 1122304K
  class space    used 11256K, committed 11584K, reserved 1048576K
}
Event: 19.335 GC heap before
{Heap before GC invocations=38 (full 0):
 garbage-first heap   total 134144K, used 109724K [0x0000000080000000, 0x0000000100000000)
  region size 1024K, 43 young (44032K), 5 survivors (5120K)
 Metaspace       used 86667K, committed 87232K, reserved 1130496K
  class space    used 11778K, committed 12032K, reserved 1048576K
}
Event: 19.345 GC heap after
{Heap after GC invocations=39 (full 0):
 garbage-first heap   total 134144K, used 74032K [0x0000000080000000, 0x0000000100000000)
  region size 1024K, 6 young (6144K), 6 survivors (6144K)
 Metaspace       used 86667K, committed 87232K, reserved 1130496K
  class space    used 11778K, committed 12032K, reserved 1048576K
}
Event: 20.467 GC heap before
{Heap before GC invocations=39 (full 0):
 garbage-first heap   total 134144K, used 109872K [0x0000000080000000, 0x0000000100000000)
  region size 1024K, 41 young (41984K), 6 survivors (6144K)
 Metaspace       used 91445K, committed 92096K, reserved 1130496K
  class space    used 12458K, committed 12736K, reserved 1048576K
}
Event: 20.477 GC heap after
{Heap after GC invocations=40 (full 0):
 garbage-first heap   total 134144K, used 77209K [0x0000000080000000, 0x0000000100000000)
  region size 1024K, 4 young (4096K), 4 survivors (4096K)
 Metaspace       used 91445K, committed 92096K, reserved 1130496K
  class space    used 12458K, committed 12736K, reserved 1048576K
}
Event: 21.059 GC heap before
{Heap before GC invocations=40 (full 0):
 garbage-first heap   total 134144K, used 109977K [0x0000000080000000, 0x0000000100000000)
  region size 1024K, 36 young (36864K), 4 survivors (4096K)
 Metaspace       used 92998K, committed 93696K, reserved 1130496K
  class space    used 12664K, committed 12992K, reserved 1048576K
}
Event: 21.067 GC heap after
{Heap after GC invocations=41 (full 0):
 garbage-first heap   total 134144K, used 80561K [0x0000000080000000, 0x0000000100000000)
  region size 1024K, 4 young (4096K), 4 survivors (4096K)
 Metaspace       used 92998K, committed 93696K, reserved 1130496K
  class space    used 12664K, committed 12992K, reserved 1048576K
}
Event: 21.401 GC heap before
{Heap before GC invocations=41 (full 0):
 garbage-first heap   total 134144K, used 110257K [0x0000000080000000, 0x0000000100000000)
  region size 1024K, 33 young (33792K), 4 survivors (4096K)
 Metaspace       used 93099K, committed 93760K, reserved 1130496K
  class space    used 12670K, committed 12992K, reserved 1048576K
}
Event: 21.409 GC heap after
{Heap after GC invocations=42 (full 0):
 garbage-first heap   total 134144K, used 85768K [0x0000000080000000, 0x0000000100000000)
  region size 1024K, 5 young (5120K), 5 survivors (5120K)
 Metaspace       used 93099K, committed 93760K, reserved 1130496K
  class space    used 12670K, committed 12992K, reserved 1048576K
}
Event: 22.000 GC heap before
{Heap before GC invocations=42 (full 0):
 garbage-first heap   total 134144K, used 109320K [0x0000000080000000, 0x0000000100000000)
  region size 1024K, 29 young (29696K), 5 survivors (5120K)
 Metaspace       used 94459K, committed 95104K, reserved 1138688K
  class space    used 12909K, committed 13248K, reserved 1048576K
}

