# JRE version: OpenJDK Runtime Environment (17.0.6) (build 17.0.6+0-b2043.56-10027231)
# Java VM: OpenJDK 64-Bit Server VM (17.0.6+0-b2043.56-10027231, mixed mode, tiered, compressed oops, compressed class ptrs, g1 gc, windows-amd64)
GC Precious Log:
 CPUs: 8 total, 8 available
 Memory: 7103M
 Large Page Support: Disabled
 NUMA Support: Disabled
 Compressed Oops: Enabled (32-bit)
 Heap Region Size: 1M
 Heap Min Capacity: 8M
 Heap Initial Capacity: 112M
 Heap Max Capacity: 2G
 Pre-touch: Disabled
 Parallel Workers: 8
 Concurrent Workers: 2
 Concurrent Refinement Workers: 8
 Periodic GC: Disabled
Heap:
 garbage-first heap   total 161792K, used 97105K [0x0000000080000000, 0x0000000100000000)
  region size 1024K, 6 young (6144K), 6 survivors (6144K)
 Metaspace       used 95585K, committed 96256K, reserved 1138688K
  class space    used 13066K, committed 13376K, reserved 1048576K
GC Heap History (20 events):
Event: 13.746 GC heap after
{Heap after GC invocations=26 (full 0):
 garbage-first heap   total 124928K, used 59560K [0x0000000080000000, 0x0000000100000000)
  region size 1024K, 3 young (3072K), 3 survivors (3072K)
 Metaspace       used 65063K, committed 65600K, reserved 1105920K
  class space    used 8650K, committed 8896K, reserved 1048576K
}
Event: 13.805 GC heap before
{Heap before GC invocations=26 (full 0):
 garbage-first heap   total 124928K, used 62632K [0x0000000080000000, 0x0000000100000000)
  region size 1024K, 6 young (6144K), 3 survivors (3072K)
 Metaspace       used 65338K, committed 65856K, reserved 1114112K
  class space    used 8683K, committed 8896K, reserved 1048576K
}
Event: 13.810 GC heap after
{Heap after GC invocations=27 (full 0):
 garbage-first heap   total 161792K, used 59643K [0x0000000080000000, 0x0000000100000000)
  region size 1024K, 1 young (1024K), 1 survivors (1024K)
 Metaspace       used 65338K, committed 65856K, reserved 1114112K
  class space    used 8683K, committed 8896K, reserved 1048576K
}
Event: 15.058 GC heap before
{Heap before GC invocations=27 (full 0):
 garbage-first heap   total 161792K, used 109819K [0x0000000080000000, 0x0000000100000000)
  region size 1024K, 50 young (51200K), 1 survivors (1024K)
 Metaspace       used 70126K, committed 70656K, reserved 1114112K
  class space    used 9317K, committed 9600K, reserved 1048576K
}
Event: 15.064 GC heap after
{Heap after GC invocations=28 (full 0):
 garbage-first heap   total 161792K, used 62864K [0x0000000080000000, 0x0000000100000000)
  region size 1024K, 4 young (4096K), 4 survivors (4096K)
 Metaspace       used 70126K, committed 70656K, reserved 1114112K
  class space    used 9317K, committed 9600K, reserved 1048576K
}
Event: 16.291 GC heap before
{Heap before GC invocations=28 (full 0):
 garbage-first heap   total 161792K, used 115088K [0x0000000080000000, 0x0000000100000000)
  region size 1024K, 55 young (56320K), 4 survivors (4096K)
 Metaspace       used 75417K, committed 76032K, reserved 1122304K
  class space    used 10002K, committed 10304K, reserved 1048576K
}
Event: 16.300 GC heap after
{Heap after GC invocations=29 (full 0):
 garbage-first heap   total 161792K, used 66790K [0x0000000080000000, 0x0000000100000000)
  region size 1024K, 7 young (7168K), 7 survivors (7168K)
 Metaspace       used 75417K, committed 76032K, reserved 1122304K
  class space    used 10002K, committed 10304K, reserved 1048576K
}
Event: 17.855 GC heap before
{Heap before GC invocations=29 (full 0):
 garbage-first heap   total 161792K, used 119014K [0x0000000080000000, 0x0000000100000000)
  region size 1024K, 58 young (59392K), 7 survivors (7168K)
 Metaspace       used 80318K, committed 80960K, reserved 1122304K
  class space    used 10864K, committed 11200K, reserved 1048576K
}
Event: 17.863 GC heap after
{Heap after GC invocations=30 (full 0):
 garbage-first heap   total 161792K, used 69569K [0x0000000080000000, 0x0000000100000000)
  region size 1024K, 7 young (7168K), 7 survivors (7168K)
 Metaspace       used 80318K, committed 80960K, reserved 1122304K
  class space    used 10864K, committed 11200K, reserved 1048576K
}
Event: 19.218 GC heap before
{Heap before GC invocations=30 (full 0):
 garbage-first heap   total 161792K, used 121793K [0x0000000080000000, 0x0000000100000000)
  region size 1024K, 58 young (59392K), 7 survivors (7168K)
 Metaspace       used 85639K, committed 86208K, reserved 1130496K
  class space    used 11623K, committed 11904K, reserved 1048576K
}
Event: 19.230 GC heap after
{Heap after GC invocations=31 (full 0):
 garbage-first heap   total 161792K, used 73916K [0x0000000080000000, 0x0000000100000000)
  region size 1024K, 7 young (7168K), 7 survivors (7168K)
 Metaspace       used 85639K, committed 86208K, reserved 1130496K
  class space    used 11623K, committed 11904K, reserved 1048576K
}
Event: 20.532 GC heap before
{Heap before GC invocations=31 (full 0):
 garbage-first heap   total 161792K, used 125116K [0x0000000080000000, 0x0000000100000000)
  region size 1024K, 57 young (58368K), 7 survivors (7168K)
 Metaspace       used 91561K, committed 92224K, reserved 1130496K
  class space    used 12473K, committed 12800K, reserved 1048576K
}
Event: 20.545 GC heap after
{Heap after GC invocations=32 (full 0):
 garbage-first heap   total 161792K, used 77989K [0x0000000080000000, 0x0000000100000000)
  region size 1024K, 8 young (8192K), 8 survivors (8192K)
 Metaspace       used 91561K, committed 92224K, reserved 1130496K
  class space    used 12473K, committed 12800K, reserved 1048576K
}
Event: 21.362 GC heap before
{Heap before GC invocations=32 (full 0):
 garbage-first heap   total 161792K, used 127141K [0x0000000080000000, 0x0000000100000000)
  region size 1024K, 56 young (57344K), 8 survivors (8192K)
 Metaspace       used 93043K, committed 93696K, reserved 1130496K
  class space    used 12668K, committed 12992K, reserved 1048576K
}
Event: 21.378 GC heap after
{Heap after GC invocations=33 (full 0):
 garbage-first heap   total 161792K, used 84865K [0x0000000080000000, 0x0000000100000000)
  region size 1024K, 7 young (7168K), 7 survivors (7168K)
 Metaspace       used 93043K, committed 93696K, reserved 1130496K
  class space    used 12668K, committed 12992K, reserved 1048576K
}
Event: 22.380 GC heap before
{Heap before GC invocations=33 (full 0):
 garbage-first heap   total 161792K, used 128897K [0x0000000080000000, 0x0000000100000000)
  region size 1024K, 50 young (51200K), 7 survivors (7168K)
 Metaspace       used 94638K, committed 95360K, reserved 1138688K
  class space    used 12915K, committed 13248K, reserved 1048576K
}
Event: 22.394 GC heap after
{Heap after GC invocations=34 (full 0):
 garbage-first heap   total 161792K, used 91225K [0x0000000080000000, 0x0000000100000000)
  region size 1024K, 7 young (7168K), 7 survivors (7168K)
 Metaspace       used 94638K, committed 95360K, reserved 1138688K
  class space    used 12915K, committed 13248K, reserved 1048576K
}
Event: 22.942 GC heap before
{Heap before GC invocations=34 (full 0):
 garbage-first heap   total 161792K, used 130137K [0x0000000080000000, 0x0000000100000000)
  region size 1024K, 45 young (46080K), 7 survivors (7168K)
 Metaspace       used 95368K, committed 96000K, reserved 1138688K
  class space    used 13059K, committed 13376K, reserved 1048576K
}
Event: 22.956 GC heap after
{Heap after GC invocations=35 (full 0):
 garbage-first heap   total 161792K, used 94734K [0x0000000080000000, 0x0000000100000000)
  region size 1024K, 4 young (4096K), 4 survivors (4096K)
 Metaspace       used 95368K, committed 96000K, reserved 1138688K
  class space    used 13059K, committed 13376K, reserved 1048576K
}
Event: 23.380 GC heap before
{Heap before GC invocations=35 (full 0):
 garbage-first heap   total 161792K, used 131598K [0x0000000080000000, 0x0000000100000000)
  region size 1024K, 41 young (41984K), 4 survivors (4096K)
 Metaspace       used 95585K, committed 96256K, reserved 1138688K
  class space    used 13066K, committed 13376K, reserved 1048576K
}

