# JRE version: OpenJDK Runtime Environment (17.0.6) (build 17.0.6+0-b2043.56-10027231)
# Java VM: OpenJDK 64-Bit Server VM (17.0.6+0-b2043.56-10027231, mixed mode, tiered, compressed oops, compressed class ptrs, g1 gc, windows-amd64)
GC Precious Log:
 CPUs: 8 total, 8 available
 Memory: 7103M
 Large Page Support: Disabled
 NUMA Support: Disabled
 Compressed Oops: Enabled (32-bit)
 Heap Region Size: 1M
 Heap Min Capacity: 8M
 Heap Initial Capacity: 112M
 Heap Max Capacity: 2G
 Pre-touch: Disabled
 Parallel Workers: 8
 Concurrent Workers: 2
 Concurrent Refinement Workers: 8
 Periodic GC: Disabled
Heap:
 garbage-first heap   total 153600K, used 101739K [0x0000000080000000, 0x0000000100000000)
  region size 1024K, 5 young (5120K), 5 survivors (5120K)
 Metaspace       used 96158K, committed 96832K, reserved 1138688K
  class space    used 13108K, committed 13440K, reserved 1048576K
GC Heap History (20 events):
Event: 40.105 GC heap after
{Heap after GC invocations=50 (full 0):
 garbage-first heap   total 153600K, used 73521K [0x0000000080000000, 0x0000000100000000)
  region size 1024K, 3 young (3072K), 3 survivors (3072K)
 Metaspace       used 85180K, committed 85760K, reserved 1130496K
  class space    used 11570K, committed 11840K, reserved 1048576K
}
Event: 41.507 GC heap before
{Heap before GC invocations=51 (full 0):
 garbage-first heap   total 153600K, used 123697K [0x0000000080000000, 0x0000000100000000)
  region size 1024K, 52 young (53248K), 3 survivors (3072K)
 Metaspace       used 91203K, committed 91840K, reserved 1130496K
  class space    used 12438K, committed 12736K, reserved 1048576K
}
Event: 41.515 GC heap after
{Heap after GC invocations=52 (full 0):
 garbage-first heap   total 153600K, used 77321K [0x0000000080000000, 0x0000000100000000)
  region size 1024K, 7 young (7168K), 7 survivors (7168K)
 Metaspace       used 91203K, committed 91840K, reserved 1130496K
  class space    used 12438K, committed 12736K, reserved 1048576K
}
Event: 41.527 GC heap before
{Heap before GC invocations=52 (full 0):
 garbage-first heap   total 153600K, used 78345K [0x0000000080000000, 0x0000000100000000)
  region size 1024K, 8 young (8192K), 7 survivors (7168K)
 Metaspace       used 91205K, committed 91840K, reserved 1130496K
  class space    used 12438K, committed 12736K, reserved 1048576K
}
Event: 41.538 GC heap after
{Heap after GC invocations=53 (full 0):
 garbage-first heap   total 153600K, used 77602K [0x0000000080000000, 0x0000000100000000)
  region size 1024K, 1 young (1024K), 1 survivors (1024K)
 Metaspace       used 91205K, committed 91840K, reserved 1130496K
  class space    used 12438K, committed 12736K, reserved 1048576K
}
Event: 42.366 GC heap before
{Heap before GC invocations=53 (full 0):
 garbage-first heap   total 153600K, used 124706K [0x0000000080000000, 0x0000000100000000)
  region size 1024K, 47 young (48128K), 1 survivors (1024K)
 Metaspace       used 92964K, committed 93632K, reserved 1130496K
  class space    used 12670K, committed 12992K, reserved 1048576K
}
Event: 42.376 GC heap after
{Heap after GC invocations=54 (full 0):
 garbage-first heap   total 153600K, used 82694K [0x0000000080000000, 0x0000000100000000)
  region size 1024K, 6 young (6144K), 6 survivors (6144K)
 Metaspace       used 92964K, committed 93632K, reserved 1130496K
  class space    used 12670K, committed 12992K, reserved 1048576K
}
Event: 43.948 GC heap before
{Heap before GC invocations=55 (full 0):
 garbage-first heap   total 153600K, used 123654K [0x0000000080000000, 0x0000000100000000)
  region size 1024K, 47 young (48128K), 6 survivors (6144K)
 Metaspace       used 94401K, committed 95040K, reserved 1138688K
  class space    used 12914K, committed 13248K, reserved 1048576K
}
Event: 43.958 GC heap after
{Heap after GC invocations=56 (full 0):
 garbage-first heap   total 153600K, used 88665K [0x0000000080000000, 0x0000000100000000)
  region size 1024K, 6 young (6144K), 6 survivors (6144K)
 Metaspace       used 94401K, committed 95040K, reserved 1138688K
  class space    used 12914K, committed 13248K, reserved 1048576K
}
Event: 44.070 GC heap before
{Heap before GC invocations=56 (full 0):
 garbage-first heap   total 153600K, used 89689K [0x0000000080000000, 0x0000000100000000)
  region size 1024K, 7 young (7168K), 6 survivors (6144K)
 Metaspace       used 94422K, committed 95104K, reserved 1138688K
  class space    used 12914K, committed 13248K, reserved 1048576K
}
Event: 44.074 GC heap after
{Heap after GC invocations=57 (full 0):
 garbage-first heap   total 153600K, used 89526K [0x0000000080000000, 0x0000000100000000)
  region size 1024K, 1 young (1024K), 1 survivors (1024K)
 Metaspace       used 94422K, committed 95104K, reserved 1138688K
  class space    used 12914K, committed 13248K, reserved 1048576K
}
Event: 45.660 GC heap before
{Heap before GC invocations=57 (full 0):
 garbage-first heap   total 153600K, used 124342K [0x0000000080000000, 0x0000000100000000)
  region size 1024K, 36 young (36864K), 1 survivors (1024K)
 Metaspace       used 95271K, committed 95936K, reserved 1138688K
  class space    used 13059K, committed 13376K, reserved 1048576K
}
Event: 45.668 GC heap after
{Heap after GC invocations=58 (full 0):
 garbage-first heap   total 153600K, used 93149K [0x0000000080000000, 0x0000000100000000)
  region size 1024K, 5 young (5120K), 5 survivors (5120K)
 Metaspace       used 95271K, committed 95936K, reserved 1138688K
  class space    used 13059K, committed 13376K, reserved 1048576K
}
Event: 46.129 GC heap before
{Heap before GC invocations=58 (full 0):
 garbage-first heap   total 153600K, used 124893K [0x0000000080000000, 0x0000000100000000)
  region size 1024K, 37 young (37888K), 5 survivors (5120K)
 Metaspace       used 95425K, committed 96064K, reserved 1138688K
  class space    used 13059K, committed 13376K, reserved 1048576K
}
Event: 46.139 GC heap after
{Heap after GC invocations=59 (full 0):
 garbage-first heap   total 153600K, used 95725K [0x0000000080000000, 0x0000000100000000)
  region size 1024K, 3 young (3072K), 3 survivors (3072K)
 Metaspace       used 95425K, committed 96064K, reserved 1138688K
  class space    used 13059K, committed 13376K, reserved 1048576K
}
Event: 46.665 GC heap before
{Heap before GC invocations=59 (full 0):
 garbage-first heap   total 153600K, used 126445K [0x0000000080000000, 0x0000000100000000)
  region size 1024K, 34 young (34816K), 3 survivors (3072K)
 Metaspace       used 95801K, committed 96384K, reserved 1138688K
  class space    used 13094K, committed 13376K, reserved 1048576K
}
Event: 46.671 GC heap after
{Heap after GC invocations=60 (full 0):
 garbage-first heap   total 153600K, used 97514K [0x0000000080000000, 0x0000000100000000)
  region size 1024K, 5 young (5120K), 5 survivors (5120K)
 Metaspace       used 95801K, committed 96384K, reserved 1138688K
  class space    used 13094K, committed 13376K, reserved 1048576K
}
Event: 47.192 GC heap before
{Heap before GC invocations=60 (full 0):
 garbage-first heap   total 153600K, used 127210K [0x0000000080000000, 0x0000000100000000)
  region size 1024K, 35 young (35840K), 5 survivors (5120K)
 Metaspace       used 95965K, committed 96640K, reserved 1138688K
  class space    used 13095K, committed 13376K, reserved 1048576K
}
Event: 47.199 GC heap after
{Heap after GC invocations=61 (full 0):
 garbage-first heap   total 153600K, used 99730K [0x0000000080000000, 0x0000000100000000)
  region size 1024K, 5 young (5120K), 5 survivors (5120K)
 Metaspace       used 95965K, committed 96640K, reserved 1138688K
  class space    used 13095K, committed 13376K, reserved 1048576K
}
Event: 47.662 GC heap before
{Heap before GC invocations=61 (full 0):
 garbage-first heap   total 153600K, used 128402K [0x0000000080000000, 0x0000000100000000)
  region size 1024K, 34 young (34816K), 5 survivors (5120K)
 Metaspace       used 96158K, committed 96832K, reserved 1138688K
  class space    used 13108K, committed 13440K, reserved 1048576K
}

